0 info it worked if it ends with ok
1 verbose cli [ 'C:\\Program Files\\nodejs\\node.exe',
1 verbose cli   'C:\\Users\\user\\AppData\\Roaming\\npm\\node_modules\\npm\\bin\\npm-cli.js',
1 verbose cli   'start' ]
2 info using npm@3.3.9
3 info using node@v4.2.1
4 verbose run-script [ 'prestart', 'start', 'poststart' ]
5 info lifecycle a4@1.0.0~prestart: a4@1.0.0
6 silly lifecycle a4@1.0.0~prestart: no script for prestart, continuing
7 info lifecycle a4@1.0.0~start: a4@1.0.0
8 verbose lifecycle a4@1.0.0~start: unsafe-perm in lifecycle true
9 verbose lifecycle a4@1.0.0~start: PATH: C:\Users\user\AppData\Roaming\npm\node_modules\npm\bin\node-gyp-bin;C:\Users\user\Documents\GitHub\csc309\csc309_a5\node_modules\.bin;C:\ProgramData\Oracle\Java\javapath;C:\Program Files (x86)\NVIDIA Corporation\PhysX\Common;C:\Program Files\Common Files\Microsoft Shared\Windows Live;C:\Program Files (x86)\Common Files\Microsoft Shared\Windows Live;C:\windows\system32;C:\windows;C:\windows\System32\Wbem;C:\windows\System32\WindowsPowerShell\v1.0\;C:\Program Files\Broadcom\Broadcom 802.11 Network Adapter\Driver;C:\Program Files (x86)\Windows Live\Shared;C:\Program Files\WIDCOMM\Bluetooth Software\;C:\Program Files\WIDCOMM\Bluetooth Software\syswow64;C:\Program Files\Common Files\Autodesk Shared\;C:\Program Files (x86)\Autodesk\Backburner\;C:\Python27;C:\Python27\Scripts\;C:\Program Files\Perforce;C:\Program Files (x86)\Skype\Phone\;C:\Program Files\nodejs\;c:\altera\11.1\modelsim_ase\win32aloem;C:\Python27;C:\Python27\Scripts;C:\Program Files\Perforce\Server;C:\Users\user\AppData\Roaming\npm
10 verbose lifecycle a4@1.0.0~start: CWD: C:\Users\user\Documents\GitHub\csc309\csc309_a5
11 silly lifecycle a4@1.0.0~start: Args: [ '/d /s /c', 'node server.js' ]
12 silly lifecycle a4@1.0.0~start: Returned: code: 1  signal: null
13 info lifecycle a4@1.0.0~start: Failed to exec start script
14 verbose stack Error: a4@1.0.0 start: `node server.js`
14 verbose stack Exit status 1
14 verbose stack     at EventEmitter.<anonymous> (C:\Users\user\AppData\Roaming\npm\node_modules\npm\lib\utils\lifecycle.js:233:16)
14 verbose stack     at emitTwo (events.js:87:13)
14 verbose stack     at EventEmitter.emit (events.js:172:7)
14 verbose stack     at ChildProcess.<anonymous> (C:\Users\user\AppData\Roaming\npm\node_modules\npm\lib\utils\spawn.js:24:14)
14 verbose stack     at emitTwo (events.js:87:13)
14 verbose stack     at ChildProcess.emit (events.js:172:7)
14 verbose stack     at maybeClose (internal/child_process.js:818:16)
14 verbose stack     at Process.ChildProcess._handle.onexit (internal/child_process.js:211:5)
15 verbose pkgid a4@1.0.0
16 verbose cwd C:\Users\user\Documents\GitHub\csc309\csc309_a5
17 error Windows_NT 6.1.7601
18 error argv "C:\\Program Files\\nodejs\\node.exe" "C:\\Users\\user\\AppData\\Roaming\\npm\\node_modules\\npm\\bin\\npm-cli.js" "start"
19 error node v4.2.1
20 error npm  v3.3.9
21 error code ELIFECYCLE
22 error a4@1.0.0 start: `node server.js`
22 error Exit status 1
23 error Failed at the a4@1.0.0 start script 'node server.js'.
23 error This is most likely a problem with the a4 package,
23 error not with npm itself.
23 error Tell the author that this fails on your system:
23 error     node server.js
23 error You can get their info via:
23 error     npm owner ls a4
23 error There is likely additional logging output above.
24 verbose exit [ 1, true ]
